# JRE version: OpenJDK Runtime Environment (17.0.7) (build 17.0.7+0-b2043.56-10550314)
# Java VM: OpenJDK 64-Bit Server VM (17.0.7+0-b2043.56-10550314, mixed mode, tiered, compressed oops, compressed class ptrs, g1 gc, windows-amd64)
GC Precious Log:
 CPUs: 4 total, 4 available
 Memory: 7991M
 Large Page Support: Disabled
 NUMA Support: Disabled
 Compressed Oops: Enabled (32-bit)
 Heap Region Size: 1M
 Heap Min Capacity: 8M
 Heap Initial Capacity: 126M
 Heap Max Capacity: 2G
 Pre-touch: Disabled
 Parallel Workers: 4
 Concurrent Workers: 1
 Concurrent Refinement Workers: 4
 Periodic GC: Disabled
Heap:
 garbage-first heap   total 473088K, used 193823K [0x0000000080000000, 0x0000000100000000)
  region size 1024K, 4 young (4096K), 4 survivors (4096K)
 Metaspace       used 176762K, committed 178240K, reserved 1245184K
  class space    used 22786K, committed 23552K, reserved 1048576K
GC Heap History (20 events):
Event: 187.173 GC heap after
{Heap after GC invocations=64 (full 0):
 garbage-first heap   total 473088K, used 232635K [0x0000000080000000, 0x0000000100000000)
  region size 1024K, 4 young (4096K), 4 survivors (4096K)
 Metaspace       used 170175K, committed 171264K, reserved 1245184K
  class space    used 22251K, committed 22784K, reserved 1048576K
}
Event: 187.702 GC heap before
{Heap before GC invocations=64 (full 0):
 garbage-first heap   total 473088K, used 252091K [0x0000000080000000, 0x0000000100000000)
  region size 1024K, 23 young (23552K), 4 survivors (4096K)
 Metaspace       used 170398K, committed 171456K, reserved 1245184K
  class space    used 22261K, committed 22784K, reserved 1048576K
}
Event: 187.727 GC heap after
{Heap after GC invocations=65 (full 0):
 garbage-first heap   total 473088K, used 190138K [0x0000000080000000, 0x0000000100000000)
  region size 1024K, 3 young (3072K), 3 survivors (3072K)
 Metaspace       used 170398K, committed 171456K, reserved 1245184K
  class space    used 22261K, committed 22784K, reserved 1048576K
}
Event: 188.120 GC heap before
{Heap before GC invocations=65 (full 0):
 garbage-first heap   total 473088K, used 210618K [0x0000000080000000, 0x0000000100000000)
  region size 1024K, 23 young (23552K), 3 survivors (3072K)
 Metaspace       used 170594K, committed 171712K, reserved 1245184K
  class space    used 22271K, committed 22784K, reserved 1048576K
}
Event: 188.146 GC heap after
{Heap after GC invocations=66 (full 0):
 garbage-first heap   total 473088K, used 186807K [0x0000000080000000, 0x0000000100000000)
  region size 1024K, 3 young (3072K), 3 survivors (3072K)
 Metaspace       used 170594K, committed 171712K, reserved 1245184K
  class space    used 22271K, committed 22784K, reserved 1048576K
}
Event: 300.739 GC heap before
{Heap before GC invocations=66 (full 0):
 garbage-first heap   total 473088K, used 400823K [0x0000000080000000, 0x0000000100000000)
  region size 1024K, 201 young (205824K), 3 survivors (3072K)
 Metaspace       used 171611K, committed 172800K, reserved 1245184K
  class space    used 22348K, committed 22912K, reserved 1048576K
}
Event: 300.835 GC heap after
{Heap after GC invocations=67 (full 0):
 garbage-first heap   total 473088K, used 199095K [0x0000000080000000, 0x0000000100000000)
  region size 1024K, 15 young (15360K), 15 survivors (15360K)
 Metaspace       used 171611K, committed 172800K, reserved 1245184K
  class space    used 22348K, committed 22912K, reserved 1048576K
}
Event: 344.902 GC heap before
{Heap before GC invocations=68 (full 0):
 garbage-first heap   total 473088K, used 391607K [0x0000000080000000, 0x0000000100000000)
  region size 1024K, 201 young (205824K), 15 survivors (15360K)
 Metaspace       used 172596K, committed 173824K, reserved 1245184K
  class space    used 22485K, committed 23104K, reserved 1048576K
}
Event: 344.973 GC heap after
{Heap after GC invocations=69 (full 0):
 garbage-first heap   total 473088K, used 199096K [0x0000000080000000, 0x0000000100000000)
  region size 1024K, 16 young (16384K), 16 survivors (16384K)
 Metaspace       used 172596K, committed 173824K, reserved 1245184K
  class space    used 22485K, committed 23104K, reserved 1048576K
}
Event: 345.147 GC heap before
{Heap before GC invocations=69 (full 0):
 garbage-first heap   total 473088K, used 205240K [0x0000000080000000, 0x0000000100000000)
  region size 1024K, 23 young (23552K), 16 survivors (16384K)
 Metaspace       used 172612K, committed 173888K, reserved 1245184K
  class space    used 22485K, committed 23104K, reserved 1048576K
}
Event: 345.205 GC heap after
{Heap after GC invocations=70 (full 0):
 garbage-first heap   total 473088K, used 178390K [0x0000000080000000, 0x0000000100000000)
  region size 1024K, 3 young (3072K), 3 survivors (3072K)
 Metaspace       used 172612K, committed 173888K, reserved 1245184K
  class space    used 22485K, committed 23104K, reserved 1048576K
}
Event: 565.718 GC heap before
{Heap before GC invocations=70 (full 0):
 garbage-first heap   total 473088K, used 402646K [0x0000000080000000, 0x0000000100000000)
  region size 1024K, 204 young (208896K), 3 survivors (3072K)
 Metaspace       used 175946K, committed 177408K, reserved 1245184K
  class space    used 22764K, committed 23488K, reserved 1048576K
}
Event: 565.784 GC heap after
{Heap after GC invocations=71 (full 0):
 garbage-first heap   total 473088K, used 188311K [0x0000000080000000, 0x0000000100000000)
  region size 1024K, 9 young (9216K), 9 survivors (9216K)
 Metaspace       used 175946K, committed 177408K, reserved 1245184K
  class space    used 22764K, committed 23488K, reserved 1048576K
}
Event: 575.710 GC heap before
{Heap before GC invocations=71 (full 0):
 garbage-first heap   total 473088K, used 307095K [0x0000000080000000, 0x0000000100000000)
  region size 1024K, 127 young (130048K), 9 survivors (9216K)
 Metaspace       used 176220K, committed 177664K, reserved 1245184K
  class space    used 22770K, committed 23488K, reserved 1048576K
}
Event: 575.768 GC heap after
{Heap after GC invocations=72 (full 0):
 garbage-first heap   total 473088K, used 193750K [0x0000000080000000, 0x0000000100000000)
  region size 1024K, 16 young (16384K), 16 survivors (16384K)
 Metaspace       used 176220K, committed 177664K, reserved 1245184K
  class space    used 22770K, committed 23488K, reserved 1048576K
}
Event: 1482.240 GC heap before
{Heap before GC invocations=73 (full 0):
 garbage-first heap   total 473088K, used 395478K [0x0000000080000000, 0x0000000100000000)
  region size 1024K, 200 young (204800K), 16 survivors (16384K)
 Metaspace       used 176742K, committed 178240K, reserved 1245184K
  class space    used 22786K, committed 23552K, reserved 1048576K
}
Event: 1482.369 GC heap after
{Heap after GC invocations=74 (full 0):
 garbage-first heap   total 473088K, used 201526K [0x0000000080000000, 0x0000000100000000)
  region size 1024K, 19 young (19456K), 19 survivors (19456K)
 Metaspace       used 176742K, committed 178240K, reserved 1245184K
  class space    used 22786K, committed 23552K, reserved 1048576K
}
Event: 1482.406 GC heap before
{Heap before GC invocations=74 (full 0):
 garbage-first heap   total 473088K, used 205622K [0x0000000080000000, 0x0000000100000000)
  region size 1024K, 23 young (23552K), 19 survivors (19456K)
 Metaspace       used 176742K, committed 178240K, reserved 1245184K
  class space    used 22786K, committed 23552K, reserved 1048576K
}
Event: 1482.624 GC heap after
{Heap after GC invocations=75 (full 0):
 garbage-first heap   total 473088K, used 193536K [0x0000000080000000, 0x0000000100000000)
  region size 1024K, 3 young (3072K), 3 survivors (3072K)
 Metaspace       used 176742K, committed 178240K, reserved 1245184K
  class space    used 22786K, committed 23552K, reserved 1048576K
}
Event: 1483.492 GC heap before
{Heap before GC invocations=75 (full 0):
 garbage-first heap   total 473088K, used 202752K [0x0000000080000000, 0x0000000100000000)
  region size 1024K, 14 young (14336K), 3 survivors (3072K)
 Metaspace       used 176762K, committed 178240K, reserved 1245184K
  class space    used 22786K, committed 23552K, reserved 1048576K
}

